<?xml version="1.0" encoding="UTF-8"?>
<testng-results ignored="0" total="1" passed="1" failed="0" skipped="0">
  <reporter-output>
  </reporter-output>
  <suite started-at="2023-10-27T00:39:23 IST" name="Default suite" finished-at="2023-10-27T00:39:28 IST" duration-ms="5588">
    <groups>
    </groups>
    <test started-at="2023-10-27T00:39:23 IST" name="Default test" finished-at="2023-10-27T00:39:28 IST" duration-ms="5588">
      <class name="Tests.GetBooking_QueryParams">
        <test-method signature="test_2()[pri:0, instance:Tests.GetBooking_QueryParams@618425b5]" started-at="2023-10-27T00:39:23 IST" name="test_2" finished-at="2023-10-27T00:39:28 IST" duration-ms="5511" status="PASS">
          <reporter-output>
          </reporter-output>
        </test-method> <!-- test_2 -->
      </class> <!-- Tests.GetBooking_QueryParams -->
    </test> <!-- Default test -->
  </suite> <!-- Default suite -->
</testng-results>
